<?xml version="1.0" encoding="UTF-8"?>
<!-- Generated by org.testng.reporters.JUnitReportReporter -->
<testsuite skipped="0" hostname="LAPTOP-2TR9QOUP" name="test_cases.Test_cases" tests="1" failures="0" timestamp="17 Sep 2018 03:05:57 GMT" time="13.192" errors="0">
  <testcase name="landing_testcases" time="13.192" classname="test_cases.Test_cases"/>
</testsuite> <!-- test_cases.Test_cases -->
